{
  "0 debug pnpm:scope": {
    "selected": 1
  },
  "1 debug pnpm:package-manifest": {
    "initial": {
      "name": "text-shadow",
      "version": "0.0.1",
      "private": true,
      "license": "UNLICENSED",
      "scripts": {
        "build": "fitbit-build",
        "debug": "fitbit"
      },
      "devDependencies": {
        "@fitbit/sdk": "^5.0.2",
        "@fitbit/sdk-cli": "^1.7.3",
        "fitbit-sdk-types": "^6.0.3"
      },
      "fitbit": {
        "appUUID": "22814526-61d9-4ac4-a172-1a776f242d05",
        "appType": "app",
        "appDisplayName": "shadow-text",
        "iconFile": "resources/icon.png",
        "wipeColor": "#8bc34a",
        "requestedPermissions": [
          "access_activity"
        ],
        "buildTargets": [
          "atlas",
          "vulcan"
        ],
        "i18n": {
          "en-US": {
            "name": "shadow-text"
          }
        },
        "defaultLanguage": "en-US"
      }
    },
    "prefix": "/Users/barbara/.Trash/fitbit-3D-text-JS/fitbit-3D-text-JS"
  },
  "2 debug pnpm:context": {
    "currentLockfileExists": false,
    "storeDir": "/Users/barbara/.pnpm-store/v3",
    "virtualStoreDir": "/Users/barbara/.Trash/fitbit-3D-text-JS/fitbit-3D-text-JS/node_modules/.pnpm"
  },
  "3 debug pnpm:stage": {
    "prefix": "/Users/barbara/.Trash/fitbit-3D-text-JS/fitbit-3D-text-JS",
    "stage": "resolution_started"
  },
  "4 debug pnpm:_dependency_resolved": {
    "resolution": "registry.npmjs.org/@fitbit/sdk/5.0.2",
    "wanted": {
      "dependentId": ".",
      "name": "@fitbit/sdk",
      "rawSpec": "^5.0.2"
    }
  },
  "5 debug pnpm:_dependency_resolved": {
    "resolution": "registry.npmjs.org/@fitbit/sdk-cli/1.7.3",
    "wanted": {
      "dependentId": ".",
      "name": "@fitbit/sdk-cli",
      "rawSpec": "^1.7.3"
    }
  },
  "6 debug pnpm:_dependency_resolved": {
    "resolution": "registry.npmjs.org/fitbit-sdk-types/6.0.3",
    "wanted": {
      "dependentId": ".",
      "name": "fitbit-sdk-types",
      "rawSpec": "^6.0.3"
    }
  },
  "7 error pnpm": {
    "code": "ERR_PNPM_SPEC_NOT_SUPPORTED_BY_ANY_RESOLVER",
    "pkgsStack": [],
    "err": {
      "name": "pnpm",
      "message": "@fitbit isn't supported by any available resolver.",
      "code": "ERR_PNPM_SPEC_NOT_SUPPORTED_BY_ANY_RESOLVER",
      "stack": "pnpm: @fitbit isn't supported by any available resolver.\n    at Object.resolve (/Users/barbara/pnpm-global/5/node_modules/.pnpm/pnpm@6.28.0/node_modules/pnpm/dist/pnpm.cjs:85877:17)\n    at async run (/Users/barbara/pnpm-global/5/node_modules/.pnpm/pnpm@6.28.0/node_modules/pnpm/dist/pnpm.cjs:71522:23)"
    }
  }
}